生成启动时间为 2018/2/24 11:14:27。
     1>项目“E:\Work\GitHub\Code\Chapter3\Texture2D\Texture2D\Texture2D.vcxproj”在节点 2 上(build 个目标)。
     1>InitializeBuildStatus:
         正在对“Debug\Texture2D.unsuccessfulbuild”执行 Touch 任务。
       ClCompile:
         C:\Program Files (x86)\Microsoft Visual Studio 10.0\VC\bin\CL.exe /c /ZI /nologo /W3 /WX- /Od /Oy- /D _MBCS /Gm /EHsc /RTC1 /MDd /GS /fp:precise /Zc:wchar_t /Zc:forScope /Fo"Debug\\" /Fd"Debug\vc100.pdb" /Gd /TP /analyze- /errorReport:prompt Dx11DemoBase.cpp Texture2DDemo.cpp main.cpp
         main.cpp
     1>e:\work\github\code\chapter3\texture2d\texture2d\dx11demobase.h(27): error C2061: 语法错误: 标识符“ID3DBlob”
         Texture2DDemo.cpp
     1>e:\work\github\code\chapter3\texture2d\texture2d\dx11demobase.h(27): error C2061: 语法错误: 标识符“ID3DBlob”
     1>e:\work\github\code\chapter3\texture2d\texture2d\texture2ddemo.cpp(36): error C2065: “ID3DBlob”: 未声明的标识符
     1>e:\work\github\code\chapter3\texture2d\texture2d\texture2ddemo.cpp(36): error C2065: “vsBuffer”: 未声明的标识符
     1>e:\work\github\code\chapter3\texture2d\texture2d\texture2ddemo.cpp(38): error C2065: “vsBuffer”: 未声明的标识符
     1>e:\work\github\code\chapter3\texture2d\texture2d\texture2ddemo.cpp(48): error C2065: “vsBuffer”: 未声明的标识符
     1>e:\work\github\code\chapter3\texture2d\texture2d\texture2ddemo.cpp(48): error C2227: “->GetBufferPointer”的左边必须指向类/结构/联合/泛型类型
                 类型是“'unknown-type'”
     1>e:\work\github\code\chapter3\texture2d\texture2d\texture2ddemo.cpp(49): error C2065: “vsBuffer”: 未声明的标识符
     1>e:\work\github\code\chapter3\texture2d\texture2d\texture2ddemo.cpp(49): error C2227: “->GetBufferSize”的左边必须指向类/结构/联合/泛型类型
                 类型是“'unknown-type'”
     1>e:\work\github\code\chapter3\texture2d\texture2d\texture2ddemo.cpp(55): error C2065: “vsBuffer”: 未声明的标识符
     1>e:\work\github\code\chapter3\texture2d\texture2d\texture2ddemo.cpp(56): error C2065: “vsBuffer”: 未声明的标识符
     1>e:\work\github\code\chapter3\texture2d\texture2d\texture2ddemo.cpp(56): error C2227: “->Release”的左边必须指向类/结构/联合/泛型类型
                 类型是“'unknown-type'”
     1>e:\work\github\code\chapter3\texture2d\texture2d\texture2ddemo.cpp(70): error C2065: “vsBuffer”: 未声明的标识符
     1>e:\work\github\code\chapter3\texture2d\texture2d\texture2ddemo.cpp(70): error C2227: “->GetBufferPointer”的左边必须指向类/结构/联合/泛型类型
                 类型是“'unknown-type'”
     1>e:\work\github\code\chapter3\texture2d\texture2d\texture2ddemo.cpp(70): error C2065: “vsBuffer”: 未声明的标识符
     1>e:\work\github\code\chapter3\texture2d\texture2d\texture2ddemo.cpp(70): error C2227: “->GetBufferSize”的左边必须指向类/结构/联合/泛型类型
                 类型是“'unknown-type'”
     1>e:\work\github\code\chapter3\texture2d\texture2d\texture2ddemo.cpp(72): error C2065: “vsBuffer”: 未声明的标识符
     1>e:\work\github\code\chapter3\texture2d\texture2d\texture2ddemo.cpp(72): error C2227: “->Release”的左边必须指向类/结构/联合/泛型类型
                 类型是“'unknown-type'”
     1>e:\work\github\code\chapter3\texture2d\texture2d\texture2ddemo.cpp(80): error C2065: “ID3DBlob”: 未声明的标识符
     1>e:\work\github\code\chapter3\texture2d\texture2d\texture2ddemo.cpp(80): error C2065: “psBuffer”: 未声明的标识符
     1>e:\work\github\code\chapter3\texture2d\texture2d\texture2ddemo.cpp(82): error C2065: “psBuffer”: 未声明的标识符
     1>e:\work\github\code\chapter3\texture2d\texture2d\texture2ddemo.cpp(90): error C2065: “psBuffer”: 未声明的标识符
     1>e:\work\github\code\chapter3\texture2d\texture2d\texture2ddemo.cpp(90): error C2227: “->GetBufferPointer”的左边必须指向类/结构/联合/泛型类型
                 类型是“'unknown-type'”
     1>e:\work\github\code\chapter3\texture2d\texture2d\texture2ddemo.cpp(91): error C2065: “psBuffer”: 未声明的标识符
     1>e:\work\github\code\chapter3\texture2d\texture2d\texture2ddemo.cpp(91): error C2227: “->GetBufferSize”的左边必须指向类/结构/联合/泛型类型
                 类型是“'unknown-type'”
     1>e:\work\github\code\chapter3\texture2d\texture2d\texture2ddemo.cpp(93): error C2065: “psBuffer”: 未声明的标识符
     1>e:\work\github\code\chapter3\texture2d\texture2d\texture2ddemo.cpp(93): error C2227: “->Release”的左边必须指向类/结构/联合/泛型类型
                 类型是“'unknown-type'”
         Dx11DemoBase.cpp
     1>e:\work\github\code\chapter3\texture2d\texture2d\dx11demobase.h(27): error C2061: 语法错误: 标识符“ID3DBlob”
     1>c:\program files (x86)\microsoft directx sdk (june 2010)\include\d3d11shader.h(35): error C2146: 语法错误: 缺少“;”(在标识符“D3D11_RESOURCE_RETURN_TYPE”的前面)
     1>c:\program files (x86)\microsoft directx sdk (june 2010)\include\d3d11shader.h(35): error C4430: 缺少类型说明符 - 假定为 int。注意: C++ 不支持默认 int
     1>c:\program files (x86)\microsoft directx sdk (june 2010)\include\d3d11shader.h(35): error C4430: 缺少类型说明符 - 假定为 int。注意: C++ 不支持默认 int
     1>c:\program files (x86)\microsoft directx sdk (june 2010)\include\d3d11shader.h(37): error C2146: 语法错误: 缺少“;”(在标识符“D3D11_CBUFFER_TYPE”的前面)
     1>c:\program files (x86)\microsoft directx sdk (june 2010)\include\d3d11shader.h(37): error C4430: 缺少类型说明符 - 假定为 int。注意: C++ 不支持默认 int
     1>c:\program files (x86)\microsoft directx sdk (june 2010)\include\d3d11shader.h(37): error C4430: 缺少类型说明符 - 假定为 int。注意: C++ 不支持默认 int
     1>c:\program files (x86)\microsoft directx sdk (june 2010)\include\d3d11shader.h(45): error C2146: 语法错误: 缺少“;”(在标识符“SystemValueType”的前面)
     1>c:\program files (x86)\microsoft directx sdk (june 2010)\include\d3d11shader.h(45): error C4430: 缺少类型说明符 - 假定为 int。注意: C++ 不支持默认 int
     1>c:\program files (x86)\microsoft directx sdk (june 2010)\include\d3d11shader.h(45): error C4430: 缺少类型说明符 - 假定为 int。注意: C++ 不支持默认 int
     1>c:\program files (x86)\microsoft directx sdk (june 2010)\include\d3d11shader.h(46): error C2146: 语法错误: 缺少“;”(在标识符“ComponentType”的前面)
     1>c:\program files (x86)\microsoft directx sdk (june 2010)\include\d3d11shader.h(46): error C4430: 缺少类型说明符 - 假定为 int。注意: C++ 不支持默认 int
     1>c:\program files (x86)\microsoft directx sdk (june 2010)\include\d3d11shader.h(46): error C4430: 缺少类型说明符 - 假定为 int。注意: C++ 不支持默认 int
     1>c:\program files (x86)\microsoft directx sdk (june 2010)\include\d3d11shader.h(80): error C2146: 语法错误: 缺少“;”(在标识符“Class”的前面)
     1>c:\program files (x86)\microsoft directx sdk (june 2010)\include\d3d11shader.h(80): error C4430: 缺少类型说明符 - 假定为 int。注意: C++ 不支持默认 int
     1>c:\program files (x86)\microsoft directx sdk (june 2010)\include\d3d11shader.h(80): error C4430: 缺少类型说明符 - 假定为 int。注意: C++ 不支持默认 int
     1>c:\program files (x86)\microsoft directx sdk (june 2010)\include\d3d11shader.h(81): error C2146: 语法错误: 缺少“;”(在标识符“Type”的前面)
     1>c:\program files (x86)\microsoft directx sdk (june 2010)\include\d3d11shader.h(81): error C4430: 缺少类型说明符 - 假定为 int。注意: C++ 不支持默认 int
     1>c:\program files (x86)\microsoft directx sdk (june 2010)\include\d3d11shader.h(81): error C4430: 缺少类型说明符 - 假定为 int。注意: C++ 不支持默认 int
     1>c:\program files (x86)\microsoft directx sdk (june 2010)\include\d3d11shader.h(90): error C2146: 语法错误: 缺少“;”(在标识符“D3D11_TESSELLATOR_DOMAIN”的前面)
     1>c:\program files (x86)\microsoft directx sdk (june 2010)\include\d3d11shader.h(90): error C4430: 缺少类型说明符 - 假定为 int。注意: C++ 不支持默认 int
     1>c:\program files (x86)\microsoft directx sdk (june 2010)\include\d3d11shader.h(90): error C4430: 缺少类型说明符 - 假定为 int。注意: C++ 不支持默认 int
     1>c:\program files (x86)\microsoft directx sdk (june 2010)\include\d3d11shader.h(92): error C2146: 语法错误: 缺少“;”(在标识符“D3D11_TESSELLATOR_PARTITIONING”的前面)
     1>c:\program files (x86)\microsoft directx sdk (june 2010)\include\d3d11shader.h(92): error C4430: 缺少类型说明符 - 假定为 int。注意: C++ 不支持默认 int
     1>c:\program files (x86)\microsoft directx sdk (june 2010)\include\d3d11shader.h(92): error C4430: 缺少类型说明符 - 假定为 int。注意: C++ 不支持默认 int
     1>c:\program files (x86)\microsoft directx sdk (june 2010)\include\d3d11shader.h(94): error C2146: 语法错误: 缺少“;”(在标识符“D3D11_TESSELLATOR_OUTPUT_PRIMITIVE”的前面)
     1>c:\program files (x86)\microsoft directx sdk (june 2010)\include\d3d11shader.h(94): error C4430: 缺少类型说明符 - 假定为 int。注意: C++ 不支持默认 int
     1>c:\program files (x86)\microsoft directx sdk (june 2010)\include\d3d11shader.h(94): error C4430: 缺少类型说明符 - 假定为 int。注意: C++ 不支持默认 int
     1>c:\program files (x86)\microsoft directx sdk (june 2010)\include\d3d11shader.h(126): error C2146: 语法错误: 缺少“;”(在标识符“GSOutputTopology”的前面)
     1>c:\program files (x86)\microsoft directx sdk (june 2010)\include\d3d11shader.h(126): error C4430: 缺少类型说明符 - 假定为 int。注意: C++ 不支持默认 int
     1>c:\program files (x86)\microsoft directx sdk (june 2010)\include\d3d11shader.h(126): error C4430: 缺少类型说明符 - 假定为 int。注意: C++ 不支持默认 int
     1>c:\program files (x86)\microsoft directx sdk (june 2010)\include\d3d11shader.h(128): error C2146: 语法错误: 缺少“;”(在标识符“InputPrimitive”的前面)
     1>c:\program files (x86)\microsoft directx sdk (june 2010)\include\d3d11shader.h(128): error C4430: 缺少类型说明符 - 假定为 int。注意: C++ 不支持默认 int
     1>c:\program files (x86)\microsoft directx sdk (june 2010)\include\d3d11shader.h(128): error C4430: 缺少类型说明符 - 假定为 int。注意: C++ 不支持默认 int
     1>c:\program files (x86)\microsoft directx sdk (june 2010)\include\d3d11shader.h(144): error C2146: 语法错误: 缺少“;”(在标识符“Type”的前面)
     1>c:\program files (x86)\microsoft directx sdk (june 2010)\include\d3d11shader.h(144): error C4430: 缺少类型说明符 - 假定为 int。注意: C++ 不支持默认 int
     1>c:\program files (x86)\microsoft directx sdk (june 2010)\include\d3d11shader.h(144): error C4430: 缺少类型说明符 - 假定为 int。注意: C++ 不支持默认 int
     1>c:\program files (x86)\microsoft directx sdk (june 2010)\include\d3d11shader.h(150): error C2146: 语法错误: 缺少“;”(在标识符“Dimension”的前面)
     1>c:\program files (x86)\microsoft directx sdk (june 2010)\include\d3d11shader.h(150): error C4430: 缺少类型说明符 - 假定为 int。注意: C++ 不支持默认 int
     1>c:\program files (x86)\microsoft directx sdk (june 2010)\include\d3d11shader.h(150): error C4430: 缺少类型说明符 - 假定为 int。注意: C++ 不支持默认 int
     1>c:\program files (x86)\microsoft directx sdk (june 2010)\include\d3d11shader.h(271): error C2143: 语法错误 : 缺少“;”(在“__stdcall”的前面)
     1>c:\program files (x86)\microsoft directx sdk (june 2010)\include\d3d11shader.h(271): error C2433: “ID3D11ShaderReflection::D3D_PRIMITIVE”: 不允许在数据声明中使用“virtual”
     1>c:\program files (x86)\microsoft directx sdk (june 2010)\include\d3d11shader.h(271): error C4430: 缺少类型说明符 - 假定为 int。注意: C++ 不支持默认 int
     1>c:\program files (x86)\microsoft directx sdk (june 2010)\include\d3d11shader.h(271): error C2495: “ID3D11ShaderReflection::D3D_PRIMITIVE”:“__declspec(nothrow)”只能应用于函数声明或定义
     1>c:\program files (x86)\microsoft directx sdk (june 2010)\include\d3d11shader.h(271): error C4430: 缺少类型说明符 - 假定为 int。注意: C++ 不支持默认 int
     1>c:\program files (x86)\microsoft directx sdk (june 2010)\include\d3d11shader.h(271): warning C4183: “GetGSInputPrimitive”: 缺少返回类型；假定为返回“int”的成员函数
     1>c:\program files (x86)\microsoft directx sdk (june 2010)\include\d3d11shader.h(271): error C2253: “ID3D11ShaderReflection::GetGSInputPrimitive”: 纯说明符或抽象重写说明符只允许在虚函数上使用
     1>c:\program files (x86)\microsoft directx sdk (june 2010)\include\d3dcompiler.h(152): error C4430: 缺少类型说明符 - 假定为 int。注意: C++ 不支持默认 int
     1>c:\program files (x86)\microsoft directx sdk (june 2010)\include\d3dcompiler.h(152): error C2143: 语法错误 : 缺少“,”(在“*”的前面)
     1>c:\program files (x86)\microsoft directx sdk (june 2010)\include\d3dcompiler.h(165): error C4430: 缺少类型说明符 - 假定为 int。注意: C++ 不支持默认 int
     1>c:\program files (x86)\microsoft directx sdk (june 2010)\include\d3dcompiler.h(165): error C2143: 语法错误 : 缺少“,”(在“*”的前面)
     1>c:\program files (x86)\microsoft directx sdk (june 2010)\include\d3dcompiler.h(185): error C4430: 缺少类型说明符 - 假定为 int。注意: C++ 不支持默认 int
     1>c:\program files (x86)\microsoft directx sdk (june 2010)\include\d3dcompiler.h(185): error C2143: 语法错误 : 缺少“,”(在“*”的前面)
     1>c:\program files (x86)\microsoft directx sdk (june 2010)\include\d3dcompiler.h(194): error C4430: 缺少类型说明符 - 假定为 int。注意: C++ 不支持默认 int
     1>c:\program files (x86)\microsoft directx sdk (june 2010)\include\d3dcompiler.h(194): error C2143: 语法错误 : 缺少“,”(在“*”的前面)
     1>c:\program files (x86)\microsoft directx sdk (june 2010)\include\d3dcompiler.h(209): error C2061: 语法错误: 标识符“ID3DBlob”
     1>c:\program files (x86)\microsoft directx sdk (june 2010)\include\d3dcompiler.h(241): error C2061: 语法错误: 标识符“ID3DBlob”
     1>c:\program files (x86)\microsoft directx sdk (june 2010)\include\d3dcompiler.h(248): error C2061: 语法错误: 标识符“ID3DBlob”
     1>c:\program files (x86)\microsoft directx sdk (june 2010)\include\d3dcompiler.h(260): error C2061: 语法错误: 标识符“ID3DBlob”
     1>c:\program files (x86)\microsoft directx sdk (june 2010)\include\d3dcompiler.h(271): error C2061: 语法错误: 标识符“ID3DBlob”
     1>c:\program files (x86)\microsoft directx sdk (june 2010)\include\d3dcompiler.h(282): error C2061: 语法错误: 标识符“ID3DBlob”
     1>c:\program files (x86)\microsoft directx sdk (june 2010)\include\d3dcompiler.h(293): error C2061: 语法错误: 标识符“ID3DBlob”
     1>c:\program files (x86)\microsoft directx sdk (june 2010)\include\d3dcompiler.h(313): error C2061: 语法错误: 标识符“ID3DBlob”
     1>c:\program files (x86)\microsoft directx sdk (june 2010)\include\d3dcompiler.h(345): error C2061: 语法错误: 标识符“ID3DBlob”
     1>c:\program files (x86)\microsoft directx sdk (june 2010)\include\d3dcompiler.h(365): error C2061: 语法错误: 标识符“ID3DBlob”
     1>c:\program files (x86)\microsoft directx sdk (june 2010)\include\d3dcompiler.h(380): error C2061: 语法错误: 标识符“ID3DBlob”
     1>c:\program files (x86)\microsoft directx sdk (june 2010)\include\d3dcompiler.h(391): error C2061: 语法错误: 标识符“ID3DBlob”
     1>e:\work\github\code\chapter3\texture2d\texture2d\dx11demobase.cpp(133): error C2061: 语法错误: 标识符“ID3DBlob”
     1>e:\work\github\code\chapter3\texture2d\texture2d\dx11demobase.cpp(141): error C2065: “ID3DBlob”: 未声明的标识符
     1>e:\work\github\code\chapter3\texture2d\texture2d\dx11demobase.cpp(141): error C2065: “errorBuffer”: 未声明的标识符
     1>e:\work\github\code\chapter3\texture2d\texture2d\dx11demobase.cpp(145): error C2065: “buffer”: 未声明的标识符
     1>e:\work\github\code\chapter3\texture2d\texture2d\dx11demobase.cpp(145): error C2065: “errorBuffer”: 未声明的标识符
     1>e:\work\github\code\chapter3\texture2d\texture2d\dx11demobase.cpp(149): error C2065: “errorBuffer”: 未声明的标识符
     1>e:\work\github\code\chapter3\texture2d\texture2d\dx11demobase.cpp(151): error C2065: “errorBuffer”: 未声明的标识符
     1>e:\work\github\code\chapter3\texture2d\texture2d\dx11demobase.cpp(151): error C2227: “->GetBufferPointer”的左边必须指向类/结构/联合/泛型类型
                 类型是“'unknown-type'”
     1>e:\work\github\code\chapter3\texture2d\texture2d\dx11demobase.cpp(152): error C2065: “errorBuffer”: 未声明的标识符
     1>e:\work\github\code\chapter3\texture2d\texture2d\dx11demobase.cpp(152): error C2227: “->Release”的左边必须指向类/结构/联合/泛型类型
                 类型是“'unknown-type'”
     1>e:\work\github\code\chapter3\texture2d\texture2d\dx11demobase.cpp(158): error C2065: “errorBuffer”: 未声明的标识符
     1>e:\work\github\code\chapter3\texture2d\texture2d\dx11demobase.cpp(159): error C2065: “errorBuffer”: 未声明的标识符
     1>e:\work\github\code\chapter3\texture2d\texture2d\dx11demobase.cpp(159): error C2227: “->Release”的左边必须指向类/结构/联合/泛型类型
                 类型是“'unknown-type'”
         正在生成代码...
     1>已完成生成项目“E:\Work\GitHub\Code\Chapter3\Texture2D\Texture2D\Texture2D.vcxproj”(build 个目标)的操作 - 失败。

生成失败。

已用时间 00:00:01.89
