生成启动时间为 2018/2/3 10:36:19。
     1>项目“E:\Work\Chapter3\GameSprites\GameSprites\GameSprites.vcxproj”在节点 2 上(build 个目标)。
     1>InitializeBuildStatus:
         正在创建“Debug\GameSprites.unsuccessfulbuild”，因为已指定“AlwaysCreate”。
       ClCompile:
         C:\Program Files (x86)\Microsoft Visual Studio 10.0\VC\bin\CL.exe /c /ZI /nologo /W3 /WX- /Od /Oy- /D _MBCS /Gm /EHsc /RTC1 /MDd /GS /fp:precise /Zc:wchar_t /Zc:forScope /Fo"Debug\\" /Fd"Debug\vc100.pdb" /Gd /TP /analyze- /errorReport:prompt GameSpriteDemo.cpp
         GameSpriteDemo.cpp
       Link:
         C:\Program Files (x86)\Microsoft Visual Studio 10.0\VC\bin\link.exe /ERRORREPORT:PROMPT /OUT:"E:\Work\Chapter3\GameSprites\Debug\GameSprites.exe" /NOLOGO dxerr.lib d3d11.lib d3dx11.lib d3dcompiler.lib kernel32.lib user32.lib gdi32.lib winspool.lib comdlg32.lib advapi32.lib shell32.lib ole32.lib oleaut32.lib uuid.lib odbc32.lib odbccp32.lib kernel32.lib user32.lib gdi32.lib winspool.lib comdlg32.lib advapi32.lib shell32.lib ole32.lib oleaut32.lib uuid.lib odbc32.lib odbccp32.lib /MANIFEST /ManifestFile:"Debug\GameSprites.exe.intermediate.manifest" /MANIFESTUAC:"level='asInvoker' uiAccess='false'" /DEBUG /PDB:"E:\Work\Chapter3\GameSprites\Debug\GameSprites.pdb" /TLBID:1 /DYNAMICBASE /NXCOMPAT /IMPLIB:"E:\Work\Chapter3\GameSprites\Debug\GameSprites.lib" /MACHINE:X86 Debug\Dx11DemoBase.obj
         Debug\GameSprite.obj
         Debug\GameSpriteDemo.obj
         Debug\main.obj
         LINK : 没有找到 E:\Work\Chapter3\GameSprites\Debug\GameSprites.exe 或上一个增量链接没有生成它；正在执行完全链接
         GameSprites.vcxproj -> E:\Work\Chapter3\GameSprites\Debug\GameSprites.exe
       Manifest:
         C:\Program Files (x86)\Microsoft SDKs\Windows\v7.0A\bin\mt.exe /nologo /verbose /outputresource:"E:\Work\Chapter3\GameSprites\Debug\GameSprites.exe;#1" /manifest Debug\GameSprites.exe.intermediate.manifest
       FinalizeBuildStatus:
         正在删除文件“Debug\GameSprites.unsuccessfulbuild”。
         正在对“Debug\GameSprites.lastbuildstate”执行 Touch 任务。
     1>已完成生成项目“E:\Work\Chapter3\GameSprites\GameSprites\GameSprites.vcxproj”(build 个目标)的操作。

生成成功。

已用时间 00:00:32.09
