生成启动时间为 2018/1/10 11:19:49。
     1>项目“E:\Work\VolumeProject\VolumeControl\VolumeControl\VolumeControl.vcxproj”在节点 2 上(rebuild 个目标)。
     1>_PrepareForClean:
         正在删除文件“Debug\VolumeControl.lastbuildstate”。
       InitializeBuildStatus:
         正在对“Debug\VolumeControl.unsuccessfulbuild”执行 Touch 任务。
       PreBuildEvent:
         copy E:\Work\VolumeProject\VolumeControl\..\\Volume\\Volume\\Volume.h E:\Work\VolumeProject\VolumeControl\VolumeControl\ /y
         copy E:\Work\VolumeProject\VolumeControl\bin\\Volume.lib E:\Work\VolumeProject\VolumeControl\VolumeControl\ /y
         :VCEnd
         已复制         1 个文件。
         已复制         1 个文件。
       ClCompile:
         C:\Program Files (x86)\Microsoft Visual Studio 10.0\VC\bin\CL.exe /c /ZI /nologo /W3 /WX- /Od /Oy- /D WIN32 /D _WINDOWS /D _DEBUG /D _UNICODE /D UNICODE /D _AFXDLL /Gm /EHsc /RTC1 /MDd /GS /fp:precise /Zc:wchar_t /Zc:forScope /Yc"StdAfx.h" /Fp"Debug\VolumeControl.pch" /Fo"Debug\\" /Fd"Debug\vc100.pdb" /Gd /TP /analyze- /errorReport:prompt stdafx.cpp
         stdafx.cpp
         C:\Program Files (x86)\Microsoft Visual Studio 10.0\VC\bin\CL.exe /c /ZI /nologo /W3 /WX- /Od /Oy- /D WIN32 /D _WINDOWS /D _DEBUG /D _UNICODE /D UNICODE /D _AFXDLL /Gm /EHsc /RTC1 /MDd /GS /fp:precise /Zc:wchar_t /Zc:forScope /Yu"StdAfx.h" /Fp"Debug\VolumeControl.pch" /Fo"Debug\\" /Fd"Debug\vc100.pdb" /Gd /TP /analyze- /errorReport:prompt Volume0.cpp VolumeControl.cpp VolumeControlDlg.cpp Volume_Win7.cpp
         Volume_Win7.cpp
         VolumeControlDlg.cpp
         VolumeControl.cpp
         Volume0.cpp
         正在生成代码...
       ResourceCompile:
         C:\Program Files (x86)\Microsoft SDKs\Windows\v7.0A\bin\rc.exe /D _DEBUG /D _UNICODE /D UNICODE /D _AFXDLL /l"0x0804" /IDebug\ /nologo /fo"Debug\VolumeControl.res" VolumeControl.rc 
       ManifestResourceCompile:
         C:\Program Files (x86)\Microsoft SDKs\Windows\v7.0A\bin\rc.exe /nologo /fo"Debug\VolumeControl.exe.embed.manifest.res" Debug\VolumeControl_manifest.rc 
       Link:
         C:\Program Files (x86)\Microsoft Visual Studio 10.0\VC\bin\link.exe /ERRORREPORT:PROMPT /OUT:"E:\Work\VolumeProject\VolumeControl\bin\VolumeControl.exe" /INCREMENTAL /NOLOGO Volume.lib /MANIFEST /ManifestFile:"Debug\VolumeControl.exe.intermediate.manifest" /MANIFESTUAC:"level='asInvoker' uiAccess='false'" /DEBUG /PDB:"E:\Work\VolumeProject\VolumeControl\bin\VolumeControl.pdb" /SUBSYSTEM:WINDOWS /TLBID:1 /ENTRY:"wWinMainCRTStartup" /DYNAMICBASE /NXCOMPAT /IMPLIB:"E:\Work\VolumeProject\VolumeControl\bin\VolumeControl.lib" /MACHINE:X86 Debug\VolumeControl.res
         Debug\VolumeControl.exe.embed.manifest.res
         Debug\stdafx.obj
         Debug\Volume0.obj
         Debug\VolumeControl.obj
         Debug\VolumeControlDlg.obj
         Debug\Volume_Win7.obj
       Manifest:
         正在删除文件“Debug\VolumeControl.exe.embed.manifest”。
         C:\Program Files (x86)\Microsoft SDKs\Windows\v7.0A\bin\mt.exe /nologo /verbose /out:"Debug\VolumeControl.exe.embed.manifest" /manifest Debug\VolumeControl.exe.intermediate.manifest "C:\Program Files (x86)\Microsoft Visual Studio 10.0\VC\Include\Manifest\dpiaware.manifest"
         C:\Program Files (x86)\Microsoft SDKs\Windows\v7.0A\bin\rc.exe /nologo /fo"Debug\VolumeControl.exe.embed.manifest.res" Debug\VolumeControl_manifest.rc 
       LinkEmbedManifest:
         C:\Program Files (x86)\Microsoft Visual Studio 10.0\VC\bin\link.exe /ERRORREPORT:PROMPT /OUT:"E:\Work\VolumeProject\VolumeControl\bin\VolumeControl.exe" /INCREMENTAL /NOLOGO Volume.lib /MANIFEST /ManifestFile:"Debug\VolumeControl.exe.intermediate.manifest" /MANIFESTUAC:"level='asInvoker' uiAccess='false'" /DEBUG /PDB:"E:\Work\VolumeProject\VolumeControl\bin\VolumeControl.pdb" /SUBSYSTEM:WINDOWS /TLBID:1 /ENTRY:"wWinMainCRTStartup" /DYNAMICBASE /NXCOMPAT /IMPLIB:"E:\Work\VolumeProject\VolumeControl\bin\VolumeControl.lib" /MACHINE:X86 Debug\VolumeControl.res
         Debug\VolumeControl.exe.embed.manifest.res
         Debug\stdafx.obj
         Debug\Volume0.obj
         Debug\VolumeControl.obj
         Debug\VolumeControlDlg.obj
         Debug\Volume_Win7.obj
         VolumeControl.vcxproj -> E:\Work\VolumeProject\VolumeControl\bin\VolumeControl.exe
       FinalizeBuildStatus:
         正在删除文件“Debug\VolumeControl.unsuccessfulbuild”。
         正在对“Debug\VolumeControl.lastbuildstate”执行 Touch 任务。
     1>已完成生成项目“E:\Work\VolumeProject\VolumeControl\VolumeControl\VolumeControl.vcxproj”(rebuild 个目标)的操作。

生成成功。

已用时间 00:00:08.97
